c:\users\beomj\desktop\midtermpartialanswers\midtermpartialanswers\helloworld\helloworld\x64\debug\vc143.pdb
c:\users\beomj\desktop\midtermpartialanswers\midtermpartialanswers\helloworld\helloworld\x64\debug\vc143.idb
c:\users\beomj\desktop\midtermpartialanswers\midtermpartialanswers\helloworld\helloworld\x64\debug\main.obj
c:\users\beomj\desktop\midtermpartialanswers\midtermpartialanswers\helloworld\helloworld\x64\debug\player.obj
c:\users\beomj\desktop\midtermpartialanswers\midtermpartialanswers\helloworld\helloworld\x64\debug\gameobject.obj
c:\users\beomj\desktop\midtermpartialanswers\midtermpartialanswers\helloworld\helloworld\x64\debug\enemy.obj
c:\users\beomj\desktop\midtermpartialanswers\midtermpartialanswers\helloworld\helloworld\x64\debug\utils.obj
c:\users\beomj\desktop\midtermpartialanswers\midtermpartialanswers\helloworld\helloworld\x64\debug\screen.obj
c:\users\beomj\desktop\midtermpartialanswers\midtermpartialanswers\helloworld\helloworld\x64\debug\inputsystem.obj
c:\users\beomj\desktop\midtermpartialanswers\midtermpartialanswers\helloworld\helloworld\x64\debug\movescript.obj
c:\users\beomj\desktop\midtermpartialanswers\midtermpartialanswers\helloworld\helloworld\x64\debug\component.obj
c:\users\beomj\desktop\midtermpartialanswers\midtermpartialanswers\helloworld\helloworld\x64\debug\bullet.obj
c:\users\beomj\desktop\midtermpartialanswers\midtermpartialanswers\helloworld\x64\debug\helloworld.exe
c:\users\beomj\desktop\midtermpartialanswers\midtermpartialanswers\helloworld\helloworld\x64\debug\helloworld.ilk
c:\users\beomj\desktop\midtermpartialanswers\midtermpartialanswers\helloworld\x64\debug\helloworld.pdb
c:\users\beomj\desktop\midtermpartialanswers\midtermpartialanswers\helloworld\helloworld\x64\debug\helloworld.tlog\cl.command.1.tlog
c:\users\beomj\desktop\midtermpartialanswers\midtermpartialanswers\helloworld\helloworld\x64\debug\helloworld.tlog\cl.read.1.tlog
c:\users\beomj\desktop\midtermpartialanswers\midtermpartialanswers\helloworld\helloworld\x64\debug\helloworld.tlog\cl.write.1.tlog
c:\users\beomj\desktop\midtermpartialanswers\midtermpartialanswers\helloworld\helloworld\x64\debug\helloworld.tlog\link.command.1.tlog
c:\users\beomj\desktop\midtermpartialanswers\midtermpartialanswers\helloworld\helloworld\x64\debug\helloworld.tlog\link.read.1.tlog
c:\users\beomj\desktop\midtermpartialanswers\midtermpartialanswers\helloworld\helloworld\x64\debug\helloworld.tlog\link.write.1.tlog
